Arguments: 
  C:\Program Files\nodejs\node.exe C:\Program Files (x86)\Yarn\bin\yarn.js install

PATH: 
  C:\Users\Garrett\bin;C:\Program Files\Git\mingw64\bin;C:\Program Files\Git\usr\local\bin;C:\Program Files\Git\usr\bin;C:\Program Files\Git\usr\bin;C:\Program Files\Git\mingw64\bin;C:\Program Files\Git\usr\bin;C:\Users\Garrett\bin;C:\Program Files (x86)\Intel\iCLS Client;C:\Program Files\Intel\iCLS Client;C:\Windows\system32;C:\Windows;C:\Windows\System32\Wbem;C:\Windows\System32\WindowsPowerShell\v1.0;C:\Program Files (x86)\Intel\Intel(R) Management Engine Components\DAL;C:\Program Files\Intel\Intel(R) Management Engine Components\DAL;C:\Program Files (x86)\Intel\Intel(R) Management Engine Components\IPT;C:\Program Files\Intel\Intel(R) Management Engine Components\IPT;C:\Program Files (x86)\NVIDIA Corporation\PhysX\Common;C:\WINDOWS\system32;C:\WINDOWS;C:\WINDOWS\System32\Wbem;C:\WINDOWS\System32\WindowsPowerShell\v1.0;C:\WINDOWS\System32\OpenSSH;C:\Program Files\Intel\WiFi\bin;C:\Program Files\Common Files\Intel\WirelessCommon;C:\Program Files\Git\cmd;C:\Program Files\nodejs;C:\ProgramData\chocolatey\bin;C:\Program Files (x86)\Yarn\bin;C:\Program Files\PostgreSQL\12\bin;C:\Users\Garrett\AppData\Local\Microsoft\WindowsApps;C:\Users\Garrett\AppData\Roaming\npm;C:\Users\Garrett\AppData\Local\Yarn\bin;C:\Program Files\Git\usr\bin\vendor_perl;C:\Program Files\Git\usr\bin\core_perl

Yarn version: 
  1.22.4

Node version: 
  12.16.1

Platform: 
  win32 x64

Trace: 
  SyntaxError: D:\Coding\Immersive\API-Solo-Project\package.json: Unexpected string in JSON at position 249
      at JSON.parse (<anonymous>)
      at C:\Program Files (x86)\Yarn\lib\cli.js:1625:59
      at Generator.next (<anonymous>)
      at step (C:\Program Files (x86)\Yarn\lib\cli.js:310:30)
      at C:\Program Files (x86)\Yarn\lib\cli.js:321:13

npm manifest: 
  {
    "name": "API-Solo-Project",
    "version": "1.0.0",
    "description": "API project for CC",
    "main": "app.js",
    "repository": "https://github.com/Kapakahi/API-Solo-Project.git",
    "author": "Kapakahi <rubbishman@gmail.com>",
    "license": "MIT"
    "dependencies": {
      "express": "^4.17.1",
      "express-graphql": "^0.9.0",
      "graphql": "^15.0.0"
    },
    "scripts": {
      "dev": "nodemon server/apps.js",
      "start": "node server/apps.js",
      "lint": "eslint --fix --ext .js ."
    },
    "devDependencies": {
      "eslint": "^5.12.1",
      "eslint-config-prettier": "^3.6.0",
      "eslint-config-problems": "^2.0.0",
      "eslint-plugin-prettier": "^3.0.1",
      "husky": "^1.3.1",
      "nodemon": "^1.18.9",
      "prettier": "^1.16.0",
      "pretty-quick": "^1.10.0"
    }
  }

yarn manifest: 
  No manifest

Lockfile: 
  No lockfile
